default	08:37:53.399844-0500	DandyNotifier	-[NWConcrete_nw_listener handleInbound:addProtocolInbox:] [L1] Handling inbound connection (add inbox 0) [C6 ::1.50145 tcp, local: ::1.8889, definite, attribution: developer, server, prohibit joining, path satisfied (Path is satisfied), interface: lo0, scoped]
default	08:37:53.400037-0500	DandyNotifier	[C6 3AEB374C-5B5E-40FE-8D07-64AFC835B69A ::1.50145 tcp, definite, server, prohibit joining, attribution: developer, reuse local address, local only, context: Default Network Context (private), proc: 79A4E984-BF7C-3FFB-8190-31C9376D09EC, local address: ::1.8889] start
default	08:37:53.400082-0500	DandyNotifier	[C6 ::1.50145 initial socket-flow (satisfied (Path is satisfied), viable, interface: lo0, scoped)] event: path:start @0.000s
default	08:37:53.400113-0500	DandyNotifier	[C6 ::1.50145 waiting socket-flow (satisfied (Path is satisfied), viable, interface: lo0, scoped)] event: path:satisfied @0.000s, uuid: 074A8AEF-6B53-4173-8BA0-811636C79BC2
default	08:37:53.400172-0500	DandyNotifier	[C6 ::1.50145 in_progress socket-flow (satisfied (Path is satisfied), viable, interface: lo0, scoped)] event: flow:start_connect @0.000s
default	08:37:53.400187-0500	DandyNotifier	nw_connection_report_state_with_handler_on_nw_queue [C6] reporting state preparing
default	08:37:53.400253-0500	DandyNotifier	nw_flow_connected [C6 ::1.50145 in_progress socket-flow (satisfied (Path is satisfied), viable, interface: lo0, scoped)] Output protocol connected (socket)
default	08:37:53.400321-0500	DandyNotifier	[C6 ::1.50145 ready socket-flow (satisfied (Path is satisfied), viable, interface: lo0, scoped)] event: flow:finish_connect @0.000s
default	08:37:53.400450-0500	DandyNotifier	nw_connection_report_state_with_handler_on_nw_queue [C6] reporting state ready
default	08:37:53.400496-0500	DandyNotifier	[C6 ::1.50145 ready socket-flow (satisfied (Path is satisfied), viable, interface: lo0, scoped)] event: flow:changed_viability @0.000s
default	08:37:53.400832-0500	DandyNotifier	[com.orthly.DandyNotifier] Setting 1 notification categories
default	08:37:53.401015-0500	DandyNotifier	[com.orthly.DandyNotifier] Adding notification request E470-B0DD to destinations: Default, contentDate: (null)
default	08:37:53.401298-0500	DandyNotifier	[C6 3AEB374C-5B5E-40FE-8D07-64AFC835B69A ::1.50145 tcp, local: ::1.8889, definite, attribution: developer, server, prohibit joining] cancel
default	08:37:53.401374-0500	DandyNotifier	[C6 3AEB374C-5B5E-40FE-8D07-64AFC835B69A ::1.50145 tcp, local: ::1.8889, definite, attribution: developer, server, prohibit joining] cancelled
	[C6 074A8AEF-6B53-4173-8BA0-811636C79BC2 ::1.8889<->::1.50145]
	Connected Path: satisfied (Path is satisfied), viable, interface: lo0, scoped
	Privacy Stance: Not Eligible
	Duration: 0.001s, TCP @0.000s took 0.000s
	bytes in/out: 494/40, packets in/out: 1/1, rtt: 0.001s, retransmitted bytes: 0, out-of-order bytes: 0
	ecn packets sent/acked/marked/lost: 0/0/0/0
default	08:37:53.401436-0500	DandyNotifier	nw_flow_disconnected [C6 ::1.50145 cancelled socket-flow ((null))] Output protocol disconnected
default	08:37:53.401463-0500	DandyNotifier	nw_connection_report_state_with_handler_on_nw_queue [C6] reporting state cancelled
default	08:37:53.402354-0500	usernoted	com.orthly.DandyNotifier setNotificationCategories: 1: ["ACTIONABLE"]
default	08:37:53.402575-0500	usernoted	Reducing interruption level from .timeSensitive for notification from com.orthly.DandyNotifier - missing authorization
default	08:37:53.402669-0500	usernoted	Adding new request, remove notifications similar to: <NotificationRecord app:"com.orthly.DandyNotifier" ident:"E470-B0DD" req:"8AA92B09-7BC0-46D0-AC0D-C188168A180E" uuid:"F7FBDD25" source:"404EB560">
default	08:37:53.402705-0500	usernoted	com.orthly.DandyNotifier removeDeliveredNotification(similarTo: ["E470-B0DD"], source: 404EB560-9E1F-4206-9F4B-80744E986786)
error	08:37:53.402738-0500	usernoted	com.orthly.DandyNotifier Found no match to delete for ["E470-B0DD"]
default	08:37:53.403278-0500	DandyNotifier	[com.orthly.DandyNotifier] Added notification request: [ hasError: 0 hasCompletionHandler: 1 ]
default	08:37:53.403225-0500	usernoted	<NotificationRecord app:"com.orthly.DandyNotifier" ident:"E470-B0DD" req:"8AA92B09-7BC0-46D0-AC0D-C188168A180E" uuid:"F7FBDD25" source:"404EB560"> successfully processed by pipeline, scheduled for delivery.
default	08:37:53.507143-0500	usernoted	Delivering <NotificationRecord app:"com.orthly.DandyNotifier" ident:"E470-B0DD" req:"8AA92B09-7BC0-46D0-AC0D-C188168A180E" uuid:"F7FBDD25" source:"404EB560"> to [ .alert .lockScreen .notificationCenter ]: shouldDeliver: true, updatedExisting: false
default	08:37:53.507453-0500	usernoted	Presenting <NotificationRecord app:"com.orthly.DandyNotifier" ident:"E470-B0DD" req:"8AA92B09-7BC0-46D0-AC0D-C188168A180E" uuid:"F7FBDD25" source:"404EB560"> as alert (["badge", "sound", "alert"])
default	08:37:53.510390-0500	donotdisturbd	Event was resolved: resolution=<DNDSEventBehaviorResolution: 0xc94ca3a40; UUID: 7F2BFC1C-2CFA-436A-95E5-8A2D72220140; date: 2025-10-29 13:37:53 +0000; eventBehavior: <DNDClientEventBehavior: 0xc94c64630; eventDetails: <DNDClientEventDetails: 0xc94c1fb80; identifier: '8AA92B09-7BC0-46D0-AC0D-C188168A180E'; bundleIdentifier: com.orthly.DandyNotifier; platform: unknown; type: Default; urgency: Default; sender: (null); threadIdentifier: (null); filterCritera: (null); notifyAnyway: 0; behavior: Default; forwardingBehavior: (null); title: C712C08B7149EAE9; subtitle: C712C08B7149EAE9; body: 104989F18F7525BA>; interruptionSuppression: none; intelligentBehavior: unused; resolutionReason: disabled; activeModeUUID: (null)>; clientIdentifier: 'com.apple.nc.donotdisturb.user-toggles.preload'; outcome: allowed; reason: disabled>
default	08:37:53.508734-0500	NotificationCenter	[com.apple.private.nc.dnd:7226B5FA-BFC8-4704-B89A-E1239A44FA87] Resolving behavior for event, details=<DNDMutableClientEventDetails: 0x6000020d2b80; identifier: '8AA92B09-7BC0-46D0-AC0D-C188168A180E'; bundleIdentifier: com.orthly.DandyNotifier; platform: unknown; type: Default; urgency: Default; sender: (null); threadIdentifier: (null); filterCritera: (null); notifyAnyway: 0; behavior: Default; forwardingBehavior: (null); title: C712C08B7149EAE9; subtitle: E190A6A5D8FBCEE3; body: 104989F18F7525BA>
default	08:37:53.510824-0500	NotificationCenter	[com.apple.private.nc.dnd:7226B5FA-BFC8-4704-B89A-E1239A44FA87] Resolved event, details=<DNDMutableClientEventDetails: 0x6000020d2b80; identifier: '8AA92B09-7BC0-46D0-AC0D-C188168A180E'; bundleIdentifier: com.orthly.DandyNotifier; platform: unknown; type: Default; urgency: Default; sender: (null); threadIdentifier: (null); filterCritera: (null); notifyAnyway: 0; behavior: Default; forwardingBehavior: (null); title: C712C08B7149EAE9; subtitle: E190A6A5D8FBCEE3; body: 104989F18F7525BA> behavior=<DNDClientEventBehavior: 0x60000005c120; eventDetails: <DNDClientEventDetails: 0x6000020b8080; identifier: '8AA92B09-7BC0-46D0-AC0D-C188168A180E'; bundleIdentifier: com.orthly.DandyNotifier; platform: unknown; type: Default; urgency: Default; sender: (null); threadIdentifier: (null); filterCritera: (null); notifyAnyway: 0; behavior: Default; forwardingBehavior: (null); title: C712C08B7149EAE9; subtitle: C712C08B7149EAE9; body: 104989F18F7525BA>; interruptionSuppression: none; intelligentBehavior: unused; resolutionReason: disabled; ac
default	08:37:53.511030-0500	NotificationCenter	record <NotificationRecord app:"com.orthly.DandyNotifier" ident:"E470-B0DD" req:"8AA92B09-7BC0-46D0-AC0D-C188168A180E" uuid:"F7FBDD25" source:"404EB560"> is not intelligentlyBrokethrough
default	08:37:53.511132-0500	NotificationCenter	addOrUpdate listItem: com.orthly.DandyNotifier:F7FBDD25:E470-B0DD from app com.orthly.DandyNotifier, canDisplayWhileCenterIsClosed: true, visibility: [history, alert, lockscreen, allowsScreenWake]
default	08:37:53.511444-0500	NotificationCenter	[com.orthly.DandyNotifier:F7FBDD25:E470-B0DD] displaying as alert with pinning behavior .alert
default	08:37:53.511542-0500	NotificationCenter	Should not play sound for com.orthly.DandyNotifier: playSounds: false, hasAuthorizations: true, notificationsAllowed: true, darkWake: false
default	08:37:53.511606-0500	NotificationCenter	Not playing sound for <NotificationRecord app:"com.orthly.DandyNotifier" ident:"E470-B0DD" req:"8AA92B09-7BC0-46D0-AC0D-C188168A180E" uuid:"F7FBDD25" source:"404EB560">: consoleConnected: true, isMuted: false, hasSound: true, darkWake: false
default	08:37:53.519391-0500	NotificationCenter	record <NotificationRecord app:"com.orthly.DandyNotifier" ident:"E470-B0DD" req:"8AA92B09-7BC0-46D0-AC0D-C188168A180E" uuid:"F7FBDD25" source:"404EB560"> is not intelligentlyBrokethrough
default	08:37:53.519440-0500	NotificationCenter	[com.orthly.DandyNotifier:F7FBDD25:E470-B0DD] updating existing notification with content from F7FBDD25
default	08:37:55.925508-0500	NotificationCenter	[com.orthly.DandyNotifier:F7FBDD25:E470-B0DD] action open_action
default	08:37:55.925719-0500	usernoted	Received response <NotificationRecord app:"com.orthly.DandyNotifier" ident:"E470-B0DD" req:"8AA92B09-7BC0-46D0-AC0D-C188168A180E" uuid:"F7FBDD25" source:"404EB560" <response action: action actIdent: open_action foreground: true text: nil> >
default	08:37:55.925779-0500	usernoted	Remove record from response action: <NotificationRecord app:"com.orthly.DandyNotifier" ident:"E470-B0DD" req:"8AA92B09-7BC0-46D0-AC0D-C188168A180E" uuid:"F7FBDD25" source:"404EB560" <response action: action actIdent: open_action foreground: true text: nil> >
default	08:37:55.925834-0500	usernoted	_removeDelivered: Removing [F7FBDD25-1F6C-4C7A-9B53-CE4813F7A251] from com.orthly.DandyNotifier
default	08:37:55.925985-0500	usernoted	_removeDelivered: Removed ["<NotificationRecord app:\"com.orthly.DandyNotifier\" ident:\"E470-B0DD\" req:\"8AA92B09-7BC0-46D0-AC0D-C188168A180E\" uuid:\"F7FBDD25\" source:\"404EB560\">"] from com.orthly.DandyNotifier
default	08:37:55.926801-0500	usernoted	_removeDisplayed: Removing [F7FBDD25-1F6C-4C7A-9B53-CE4813F7A251] from com.orthly.DandyNotifier
default	08:37:55.927045-0500	usernoted	[delete, [id=E470-B0DD, time=2025-10-29 13:37:53, bundle=com.orthly.DandyNotifier], Time elapsed=0.001 sec]: Request: Starting
default	08:37:55.927450-0500	usernoted	[delete, [id=E470-B0DD, time=2025-10-29 13:37:53, bundle=com.orthly.DandyNotifier], Time elapsed=0.001 sec]: Running step 'Step: UserNotificationsCore.IntelligenceActor, index: 0'. Remaining steps after this step: 1'
default	08:37:55.926831-0500	usernoted	Removing displayed <NotificationRecord app:"com.orthly.DandyNotifier" ident:"E470-B0DD" req:"8AA92B09-7BC0-46D0-AC0D-C188168A180E" uuid:"F7FBDD25" source:"404EB560">
default	08:37:55.928352-0500	usernoted	[delete, [id=E470-B0DD, time=2025-10-29 13:37:53, bundle=com.orthly.DandyNotifier], Time elapsed=0.002 sec]: Request: Calling pipeline completion for a delete action
default	08:37:55.927882-0500	usernoted	[delete, [id=E470-B0DD, time=2025-10-29 13:37:53, bundle=com.orthly.DandyNotifier], Time elapsed=0.002 sec]: Starting step 'Step: UserNotificationsCore.IntelligenceActor, index: 0'
default	08:37:55.926920-0500	NotificationCenter	Found matching model (<private>) to delete with UUID F7FBDD25 from com.orthly.DandyNotifier, destination: ["delivered", "displayed"]
default	08:37:55.926959-0500	NotificationCenter	Attempting to remove item com.orthly.DandyNotifier:F7FBDD25:E470-B0DD from pinned group <private> of app com.orthly.DandyNotifier
default	08:37:55.927011-0500	NotificationCenter	Removed pinned notification with com.orthly.DandyNotifier:F7FBDD25:E470-B0DD from group <private> of app com.orthly.DandyNotifier
default	08:37:55.930109-0500	usernoted	Bringing app com.orthly.DandyNotifier front for response
default	08:37:55.929769-0500	usernoted	[id=E470-B0DD, time=2025-10-29 13:37:53, bundle=com.orthly.DandyNotifier] Removing index
default	08:37:55.930227-0500	usernoted	Removing index: [com.orthly.DandyNotifier:8AA92B09-7BC0-46D0-AC0D-C188168A180E]
default	08:37:55.930435-0500	NotificationCenter	Unable to find notification to delete matching F7FBDD25 com.orthly.DandyNotifier
default	08:37:55.930600-0500	NotificationCenter	Unable to find notification to delete matching F7FBDD25 com.orthly.DandyNotifier
default	08:37:55.930737-0500	NotificationCenter	Unable to find notification to delete matching F7FBDD25 com.orthly.DandyNotifier
default	08:37:55.945785-0500	runningboardd	Acquiring assertion targeting [app<application.com.orthly.DandyNotifier.94812331.94812336(502)>:35802] from originator [osservice<com.apple.coreservices.launchservicesd>:361] with description <RBSAssertionDescriptor| "frontmost:35802" ID:395-361-71899 target:35802 attributes:[
	<RBSDomainAttribute| domain:"com.apple.launchservicesd" name:"RoleUserInteractiveFocal" sourceEnvironment:"(null)">
	]>
default	08:37:55.947084-0500	runningboardd	Assertion 395-361-71899 (target:[app<application.com.orthly.DandyNotifier.94812331.94812336(502)>:35802]) will be created as active
default	08:37:55.950015-0500	runningboardd	[app<application.com.orthly.DandyNotifier.94812331.94812336(502)>:35802] Ignoring jetsam update because this process is not memory-managed
default	08:37:55.950079-0500	runningboardd	[app<application.com.orthly.DandyNotifier.94812331.94812336(502)>:35802] Ignoring suspend because this process is not lifecycle managed
default	08:37:55.950161-0500	runningboardd	[app<application.com.orthly.DandyNotifier.94812331.94812336(502)>:35802] Set darwin role to: UserInteractiveFocal
default	08:37:55.950206-0500	runningboardd	[app<application.com.orthly.DandyNotifier.94812331.94812336(502)>:35802] Ignoring GPU update because this process is not GPU managed
default	08:37:55.950320-0500	runningboardd	[app<application.com.orthly.DandyNotifier.94812331.94812336(502)>:35802] Ignoring memory limit update because this process is not memory-managed
default	08:37:55.962589-0500	NotificationCenter	Unable to find notification to delete matching F7FBDD25 com.orthly.DandyNotifier
default	08:37:55.990355-0500	runningboardd	Calculated state for app<application.com.orthly.DandyNotifier.94812331.94812336(502)>: running-active (role: UserInteractiveFocal) (endowments: <private>)
default	08:37:55.994734-0500	runningboardd	Acquiring assertion targeting [app<application.com.orthly.DandyNotifier.94812331.94812336(502)>:35802] from originator [osservice<com.apple.coreservices.launchservicesd>:361] with description <RBSAssertionDescriptor| "notification:35802" ID:395-361-71901 target:35802 attributes:[
	<RBSDomainAttribute| domain:"com.apple.launchservicesd" name:"LSNotification" sourceEnvironment:"(null)">
	]>
default	08:37:55.994894-0500	gamepolicyd	Received state update for 35802 (app<application.com.orthly.DandyNotifier.94812331.94812336(502)>, running-active-NotVisible
default	08:37:55.994841-0500	runningboardd	Assertion 395-361-71901 (target:[app<application.com.orthly.DandyNotifier.94812331.94812336(502)>:35802]) will be created as active
default	08:37:56.009789-0500	runningboardd	[app<application.com.orthly.DandyNotifier.94812331.94812336(502)>:35802] Ignoring jetsam update because this process is not memory-managed
default	08:37:56.009886-0500	runningboardd	[app<application.com.orthly.DandyNotifier.94812331.94812336(502)>:35802] Ignoring suspend because this process is not lifecycle managed
default	08:37:56.009938-0500	runningboardd	[app<application.com.orthly.DandyNotifier.94812331.94812336(502)>:35802] Ignoring GPU update because this process is not GPU managed
default	08:37:56.010267-0500	runningboardd	[app<application.com.orthly.DandyNotifier.94812331.94812336(502)>:35802] Ignoring memory limit update because this process is not memory-managed
default	08:37:56.022274-0500	runningboardd	Calculated state for app<application.com.orthly.DandyNotifier.94812331.94812336(502)>: running-active (role: UserInteractiveFocal) (endowments: <private>)
default	08:37:56.022964-0500	runningboardd	Invalidating assertion 395-361-71899 (target:[app<application.com.orthly.DandyNotifier.94812331.94812336(502)>:35802]) from originator [osservice<com.apple.coreservices.launchservicesd>:361]
default	08:37:56.023474-0500	gamepolicyd	Received state update for 35802 (app<application.com.orthly.DandyNotifier.94812331.94812336(502)>, running-active-NotVisible
default	08:37:56.048649-0500	usernoted	[delete, [id=E470-B0DD, time=2025-10-29 13:37:53, bundle=com.orthly.DandyNotifier], Time elapsed=0.122 sec]: Calling out to completion with success([id=8AA92B09-7BC0-46D0-AC0D-C188168A180E, time=2025-10-29 13:37:53, bundle=com.orthly.DandyNotifier]) from 'run(_:_:completion:)'
default	08:37:56.048854-0500	usernoted	[delete, [id=E470-B0DD, time=2025-10-29 13:37:53, bundle=com.orthly.DandyNotifier], Time elapsed=0.123 sec]: Success for 'Step: UserNotificationsCore.IntelligenceActor, index: 0'.
default	08:37:56.049036-0500	usernoted	[delete, [id=E470-B0DD, time=2025-10-29 13:37:53, bundle=com.orthly.DandyNotifier], Time elapsed=0.123 sec]: Running step 'Step: UserNotificationsCore.BehaviorResolutionActor, index: 1'. Remaining steps after this step: 0'
default	08:37:56.049201-0500	usernoted	[delete, [id=E470-B0DD, time=2025-10-29 13:37:53, bundle=com.orthly.DandyNotifier], Time elapsed=0.123 sec]: Starting step 'Step: UserNotificationsCore.BehaviorResolutionActor, index: 1'
default	08:37:56.049705-0500	usernoted	[delete, [id=E470-B0DD, time=2025-10-29 13:37:53, bundle=com.orthly.DandyNotifier], Time elapsed=0.123 sec]: Calling out to completion with success([id=8AA92B09-7BC0-46D0-AC0D-C188168A180E, time=2025-10-29 13:37:53, bundle=com.orthly.DandyNotifier]) from 'run(_:_:completion:)'
default	08:37:56.050362-0500	usernoted	[delete, [id=E470-B0DD, time=2025-10-29 13:37:53, bundle=com.orthly.DandyNotifier], Time elapsed=0.124 sec]: Success for 'Step: UserNotificationsCore.BehaviorResolutionActor, index: 1'.
default	08:37:56.050553-0500	usernoted	[delete, [id=E470-B0DD, time=2025-10-29 13:37:53, bundle=com.orthly.DandyNotifier], Time elapsed=0.124 sec]: Request: Completed
default	08:37:56.050766-0500	usernoted	[delete, [id=E470-B0DD, time=2025-10-29 13:37:53, bundle=com.orthly.DandyNotifier], Time elapsed=0.124 sec]: Request: Calling completion delegate
default	08:37:56.078299-0500	runningboardd	[app<application.com.orthly.DandyNotifier.94812331.94812336(502)>:35802] Ignoring jetsam update because this process is not memory-managed
default	08:37:56.078327-0500	runningboardd	[app<application.com.orthly.DandyNotifier.94812331.94812336(502)>:35802] Ignoring suspend because this process is not lifecycle managed
default	08:37:56.078394-0500	runningboardd	[app<application.com.orthly.DandyNotifier.94812331.94812336(502)>:35802] Set darwin role to: UserInteractive
default	08:37:56.078454-0500	runningboardd	[app<application.com.orthly.DandyNotifier.94812331.94812336(502)>:35802] Ignoring GPU update because this process is not GPU managed
default	08:37:56.078569-0500	runningboardd	[app<application.com.orthly.DandyNotifier.94812331.94812336(502)>:35802] Ignoring memory limit update because this process is not memory-managed
default	08:37:56.088532-0500	runningboardd	Calculated state for app<application.com.orthly.DandyNotifier.94812331.94812336(502)>: running-active (role: UserInteractive) (endowments: <private>)
default	08:37:56.088943-0500	gamepolicyd	Received state update for 35802 (app<application.com.orthly.DandyNotifier.94812331.94812336(502)>, running-active-NotVisible
default	08:38:01.990854-0500	runningboardd	Assertion did invalidate due to timeout: 395-361-71901 (target:[app<application.com.orthly.DandyNotifier.94812331.94812336(502)>:35802])
default	08:38:02.203089-0500	runningboardd	[app<application.com.orthly.DandyNotifier.94812331.94812336(502)>:35802] Ignoring jetsam update because this process is not memory-managed
default	08:38:02.203130-0500	runningboardd	[app<application.com.orthly.DandyNotifier.94812331.94812336(502)>:35802] Ignoring suspend because this process is not lifecycle managed
default	08:38:02.203170-0500	runningboardd	[app<application.com.orthly.DandyNotifier.94812331.94812336(502)>:35802] Ignoring GPU update because this process is not GPU managed
default	08:38:02.203217-0500	runningboardd	[app<application.com.orthly.DandyNotifier.94812331.94812336(502)>:35802] Ignoring memory limit update because this process is not memory-managed
default	08:38:02.213691-0500	runningboardd	Calculated state for app<application.com.orthly.DandyNotifier.94812331.94812336(502)>: running-active (role: UserInteractive) (endowments: <private>)
default	08:38:02.214454-0500	gamepolicyd	Received state update for 35802 (app<application.com.orthly.DandyNotifier.94812331.94812336(502)>, running-active-NotVisible
